2017-10-13 23:11:08.717 CST [ERROR] org.springframework.boot.bind.PropertiesConfigurationFactory checkForBindingErrors 350: Properties configuration failed validation
2017-10-13 23:11:08.718 CST [ERROR] org.springframework.boot.bind.PropertiesConfigurationFactory checkForBindingErrors 352: Field error in object 'spring.datasource' on field 'filters': rejected value [stat,wall,log4j]; codes [methodInvocation.spring.datasource.filters,methodInvocation.filters,methodInvocation.java.lang.String,methodInvocation]; arguments [org.springframework.context.support.DefaultMessageSourceResolvable: codes [spring.datasource.filters,filters]; arguments []; default message [filters]]; default message [Property 'filters' threw exception; nested exception is java.lang.NoClassDefFoundError: org/apache/log4j/Logger]
2017-10-13 23:11:08.784 CST [ERROR] org.springframework.boot.diagnostics.LoggingFailureAnalysisReporter report 42: 

***************************
APPLICATION FAILED TO START
***************************

Description:

Binding to target {
	CreateTime:"2017-10-13 23:11:08",
	ActiveCount:0,
	PoolingCount:0,
	CreateCount:0,
	DestroyCount:0,
	CloseCount:0,
	ConnectCount:0,
	Connections:[
	]
}

[
] failed:

    Property: spring.datasource.filters
    Value: stat,wall,log4j
    Reason: Property 'filters' threw exception; nested exception is java.lang.NoClassDefFoundError: org/apache/log4j/Logger


Action:

Update your application's configuration

