2017-10-14 10:16:25.895 CST [INFO ] org.springframework.boot.StartupInfoLogger logStarting 48: Starting Application on lzyMacPro.local with PID 29154 (/Users/liuzhaoyuan/gitwork/study-hello/spring-boot-web/target/classes started by liuzhaoyuan in /Users/liuzhaoyuan/gitwork/study-hello)
2017-10-14 10:16:25.912 CST [INFO ] org.springframework.boot.SpringApplication logStartupProfileInfo 593: No active profile set, falling back to default profiles: default
2017-10-14 10:16:26.239 CST [INFO ] org.hibernate.validator.internal.util.Version <clinit> 30: HV000001: Hibernate Validator 5.3.5.Final
2017-10-14 10:16:26.427 CST [INFO ] org.springframework.context.support.AbstractApplicationContext prepareRefresh 583: Refreshing org.springframework.boot.context.embedded.AnnotationConfigEmbeddedWebApplicationContext@3e74829: startup date [Sat Oct 14 10:16:26 CST 2017]; root of context hierarchy
2017-10-14 10:16:27.800 CST [INFO ] org.springframework.boot.context.embedded.tomcat.TomcatEmbeddedServletContainer initialize 89: Tomcat initialized with port(s): 8080 (http)
2017-10-14 10:16:27.811 CST [INFO ] org.apache.juli.logging.DirectJDKLog log 179: Starting service [Tomcat]
2017-10-14 10:16:27.813 CST [INFO ] org.apache.juli.logging.DirectJDKLog log 179: Starting Servlet Engine: Apache Tomcat/8.5.20
2017-10-14 10:16:27.888 CST [INFO ] org.apache.juli.logging.DirectJDKLog log 179: Initializing Spring embedded WebApplicationContext
2017-10-14 10:16:28.056 CST [INFO ] org.springframework.boot.web.servlet.ServletRegistrationBean onStartup 190: Mapping servlet: 'dispatcherServlet' to [/]
2017-10-14 10:16:28.064 CST [INFO ] org.springframework.boot.web.servlet.AbstractFilterRegistrationBean configure 258: Mapping filter: 'characterEncodingFilter' to: [/*]
2017-10-14 10:16:28.064 CST [INFO ] org.springframework.boot.web.servlet.AbstractFilterRegistrationBean configure 258: Mapping filter: 'hiddenHttpMethodFilter' to: [/*]
2017-10-14 10:16:28.065 CST [INFO ] org.springframework.boot.web.servlet.AbstractFilterRegistrationBean configure 258: Mapping filter: 'httpPutFormContentFilter' to: [/*]
2017-10-14 10:16:28.065 CST [INFO ] org.springframework.boot.web.servlet.AbstractFilterRegistrationBean configure 258: Mapping filter: 'requestContextFilter' to: [/*]
2017-10-14 10:16:29.781 CST [INFO ] org.springframework.jmx.export.MBeanExporter afterSingletonsInstantiated 431: Registering beans for JMX exposure on startup
2017-10-14 10:16:29.783 CST [INFO ] org.springframework.jmx.export.MBeanExporter autodetect 916: Bean with name 'dataSource' has been autodetected for JMX exposure
2017-10-14 10:16:29.791 CST [INFO ] org.springframework.jmx.export.MBeanExporter registerBeanInstance 671: Located MBean 'dataSource': registering with JMX server as MBean [com.alibaba.druid.pool:name=dataSource,type=DruidDataSource]
2017-10-14 10:16:29.826 CST [INFO ] org.apache.juli.logging.DirectJDKLog log 179: Initializing ProtocolHandler ["http-nio-8080"]
2017-10-14 10:16:29.839 CST [INFO ] org.apache.juli.logging.DirectJDKLog log 179: Starting ProtocolHandler ["http-nio-8080"]
2017-10-14 10:16:29.866 CST [INFO ] org.apache.juli.logging.DirectJDKLog log 179: Using a shared selector for servlet write/read
2017-10-14 10:16:29.897 CST [INFO ] org.springframework.boot.context.embedded.tomcat.TomcatEmbeddedServletContainer start 201: Tomcat started on port(s): 8080 (http)
2017-10-14 10:16:29.903 CST [INFO ] org.springframework.boot.StartupInfoLogger logStarted 57: Started Application in 4.549 seconds (JVM running for 7.153)
2017-10-14 10:16:29.903 CST [INFO ] com.study.spring.boot.web.Application main 55: =========== SpringBoot Start Success ===========
2017-10-14 10:16:36.179 CST [INFO ] org.apache.juli.logging.DirectJDKLog log 179: Initializing Spring FrameworkServlet 'dispatcherServlet'
2017-10-14 10:16:36.220 CST [INFO ] com.study.spring.boot.web.controller.BookController getBookList 42: getBookList
2017-10-14 10:16:36.635 CST [INFO ] com.alibaba.druid.pool.DruidDataSource init 914: {dataSource-1} inited
2017-10-14 10:16:47.313 CST [INFO ] org.springframework.context.support.AbstractApplicationContext doClose 984: Closing org.springframework.boot.context.embedded.AnnotationConfigEmbeddedWebApplicationContext@3e74829: startup date [Sat Oct 14 10:16:26 CST 2017]; root of context hierarchy
2017-10-14 10:16:47.315 CST [INFO ] org.springframework.jmx.export.MBeanExporter destroy 449: Unregistering JMX-exposed beans on shutdown
2017-10-14 10:16:47.316 CST [INFO ] org.springframework.jmx.support.MBeanRegistrationSupport unregisterBeans 241: Unregistering JMX-exposed beans
2017-10-14 10:26:41.295 CST [INFO ] org.springframework.boot.StartupInfoLogger logStarting 48: Starting Application on lzyMacPro.local with PID 29385 (/Users/liuzhaoyuan/gitwork/study-hello/spring-boot-web/target/classes started by liuzhaoyuan in /Users/liuzhaoyuan/gitwork/study-hello)
2017-10-14 10:26:41.297 CST [INFO ] org.springframework.boot.SpringApplication logStartupProfileInfo 593: No active profile set, falling back to default profiles: default
2017-10-14 10:26:41.597 CST [INFO ] org.hibernate.validator.internal.util.Version <clinit> 30: HV000001: Hibernate Validator 5.3.5.Final
2017-10-14 10:26:41.637 CST [INFO ] org.springframework.context.support.AbstractApplicationContext prepareRefresh 583: Refreshing org.springframework.boot.context.embedded.AnnotationConfigEmbeddedWebApplicationContext@4278284b: startup date [Sat Oct 14 10:26:41 CST 2017]; root of context hierarchy
2017-10-14 10:26:42.983 CST [INFO ] org.springframework.boot.context.embedded.tomcat.TomcatEmbeddedServletContainer initialize 89: Tomcat initialized with port(s): 8080 (http)
2017-10-14 10:26:42.994 CST [INFO ] org.apache.juli.logging.DirectJDKLog log 179: Starting service [Tomcat]
2017-10-14 10:26:42.996 CST [INFO ] org.apache.juli.logging.DirectJDKLog log 179: Starting Servlet Engine: Apache Tomcat/8.5.20
2017-10-14 10:26:43.067 CST [INFO ] org.apache.juli.logging.DirectJDKLog log 179: Initializing Spring embedded WebApplicationContext
2017-10-14 10:26:43.170 CST [INFO ] org.springframework.boot.web.servlet.ServletRegistrationBean onStartup 190: Mapping servlet: 'dispatcherServlet' to [/]
2017-10-14 10:26:43.178 CST [INFO ] org.springframework.boot.web.servlet.AbstractFilterRegistrationBean configure 258: Mapping filter: 'characterEncodingFilter' to: [/*]
2017-10-14 10:26:43.179 CST [INFO ] org.springframework.boot.web.servlet.AbstractFilterRegistrationBean configure 258: Mapping filter: 'hiddenHttpMethodFilter' to: [/*]
2017-10-14 10:26:43.179 CST [INFO ] org.springframework.boot.web.servlet.AbstractFilterRegistrationBean configure 258: Mapping filter: 'httpPutFormContentFilter' to: [/*]
2017-10-14 10:26:43.179 CST [INFO ] org.springframework.boot.web.servlet.AbstractFilterRegistrationBean configure 258: Mapping filter: 'requestContextFilter' to: [/*]
2017-10-14 10:26:44.743 CST [INFO ] org.springframework.jmx.export.MBeanExporter afterSingletonsInstantiated 431: Registering beans for JMX exposure on startup
2017-10-14 10:26:44.745 CST [INFO ] org.springframework.jmx.export.MBeanExporter autodetect 916: Bean with name 'dataSource' has been autodetected for JMX exposure
2017-10-14 10:26:44.751 CST [INFO ] org.springframework.jmx.export.MBeanExporter registerBeanInstance 671: Located MBean 'dataSource': registering with JMX server as MBean [com.alibaba.druid.pool:name=dataSource,type=DruidDataSource]
2017-10-14 10:26:44.793 CST [INFO ] org.apache.juli.logging.DirectJDKLog log 179: Initializing ProtocolHandler ["http-nio-8080"]
2017-10-14 10:26:44.806 CST [INFO ] org.apache.juli.logging.DirectJDKLog log 179: Starting ProtocolHandler ["http-nio-8080"]
2017-10-14 10:26:44.833 CST [INFO ] org.apache.juli.logging.DirectJDKLog log 179: Using a shared selector for servlet write/read
2017-10-14 10:26:44.863 CST [INFO ] org.springframework.boot.context.embedded.tomcat.TomcatEmbeddedServletContainer start 201: Tomcat started on port(s): 8080 (http)
2017-10-14 10:26:44.868 CST [INFO ] org.springframework.boot.StartupInfoLogger logStarted 57: Started Application in 4.011 seconds (JVM running for 6.538)
2017-10-14 10:26:44.868 CST [INFO ] com.study.spring.boot.web.Application main 55: =========== SpringBoot Start Success ===========
2017-10-14 10:26:51.731 CST [INFO ] org.apache.juli.logging.DirectJDKLog log 179: Initializing Spring FrameworkServlet 'dispatcherServlet'
2017-10-14 10:26:52.188 CST [INFO ] com.alibaba.druid.pool.DruidDataSource init 914: {dataSource-1} inited
2017-10-14 10:26:52.468 CST [INFO ] com.study.spring.boot.web.controller.ThymeleafController getBookList 31: getBookList[Book{name='语文', type='小学', price=30}, Book{name='数学', type='小学', price=43}, Book{name='英语', type='小学', price=33}, Book{name='科学', type='小学', price=78}]
2017-10-14 10:26:52.483 CST [INFO ] org.thymeleaf.TemplateEngine initialize 825: [THYMELEAF] INITIALIZING TEMPLATE ENGINE
2017-10-14 10:26:52.546 CST [INFO ] org.thymeleaf.templateresolver.AbstractTemplateResolver initialize 99: [THYMELEAF] INITIALIZING TEMPLATE RESOLVER: org.thymeleaf.spring4.templateresolver.SpringResourceTemplateResolver
2017-10-14 10:26:52.546 CST [INFO ] org.thymeleaf.templateresolver.AbstractTemplateResolver initialize 110: [THYMELEAF] TEMPLATE RESOLVER INITIALIZED OK
2017-10-14 10:26:52.547 CST [INFO ] org.thymeleaf.messageresolver.AbstractMessageResolver initialize 72: [THYMELEAF] INITIALIZING MESSAGE RESOLVER: org.thymeleaf.spring4.messageresolver.SpringMessageResolver
2017-10-14 10:26:52.547 CST [INFO ] org.thymeleaf.messageresolver.AbstractMessageResolver initialize 78: [THYMELEAF] MESSAGE RESOLVER INITIALIZED OK
2017-10-14 10:26:52.563 CST [INFO ] org.thymeleaf.TemplateEngine initialize 838: [THYMELEAF] TEMPLATE ENGINE INITIALIZED
2017-10-14 10:27:16.977 CST [INFO ] org.springframework.context.support.AbstractApplicationContext doClose 984: Closing org.springframework.boot.context.embedded.AnnotationConfigEmbeddedWebApplicationContext@4278284b: startup date [Sat Oct 14 10:26:41 CST 2017]; root of context hierarchy
2017-10-14 10:27:16.981 CST [INFO ] org.springframework.jmx.export.MBeanExporter destroy 449: Unregistering JMX-exposed beans on shutdown
2017-10-14 10:29:52.252 CST [INFO ] org.springframework.boot.StartupInfoLogger logStarting 48: Starting Application on lzyMacPro.local with PID 29401 (/Users/liuzhaoyuan/gitwork/study-hello/spring-boot-web/target/classes started by liuzhaoyuan in /Users/liuzhaoyuan/gitwork/study-hello)
2017-10-14 10:29:52.259 CST [INFO ] org.springframework.boot.SpringApplication logStartupProfileInfo 593: No active profile set, falling back to default profiles: default
2017-10-14 10:29:52.522 CST [INFO ] org.hibernate.validator.internal.util.Version <clinit> 30: HV000001: Hibernate Validator 5.3.5.Final
2017-10-14 10:29:52.729 CST [INFO ] org.springframework.context.support.AbstractApplicationContext prepareRefresh 583: Refreshing org.springframework.boot.context.embedded.AnnotationConfigEmbeddedWebApplicationContext@302f7971: startup date [Sat Oct 14 10:29:52 CST 2017]; root of context hierarchy
2017-10-14 10:29:54.514 CST [INFO ] org.springframework.boot.context.embedded.tomcat.TomcatEmbeddedServletContainer initialize 89: Tomcat initialized with port(s): 8080 (http)
2017-10-14 10:29:54.547 CST [INFO ] org.apache.juli.logging.DirectJDKLog log 179: Starting service [Tomcat]
2017-10-14 10:29:54.549 CST [INFO ] org.apache.juli.logging.DirectJDKLog log 179: Starting Servlet Engine: Apache Tomcat/8.5.20
2017-10-14 10:29:54.717 CST [INFO ] org.apache.juli.logging.DirectJDKLog log 179: Initializing Spring embedded WebApplicationContext
2017-10-14 10:29:54.907 CST [INFO ] org.springframework.boot.web.servlet.ServletRegistrationBean onStartup 190: Mapping servlet: 'dispatcherServlet' to [/]
2017-10-14 10:29:54.911 CST [INFO ] org.springframework.boot.web.servlet.AbstractFilterRegistrationBean configure 258: Mapping filter: 'characterEncodingFilter' to: [/*]
2017-10-14 10:29:54.912 CST [INFO ] org.springframework.boot.web.servlet.AbstractFilterRegistrationBean configure 258: Mapping filter: 'hiddenHttpMethodFilter' to: [/*]
2017-10-14 10:29:54.912 CST [INFO ] org.springframework.boot.web.servlet.AbstractFilterRegistrationBean configure 258: Mapping filter: 'httpPutFormContentFilter' to: [/*]
2017-10-14 10:29:54.912 CST [INFO ] org.springframework.boot.web.servlet.AbstractFilterRegistrationBean configure 258: Mapping filter: 'requestContextFilter' to: [/*]
2017-10-14 10:29:57.183 CST [INFO ] org.springframework.jmx.export.MBeanExporter afterSingletonsInstantiated 431: Registering beans for JMX exposure on startup
2017-10-14 10:29:57.184 CST [INFO ] org.springframework.jmx.export.MBeanExporter autodetect 916: Bean with name 'dataSource' has been autodetected for JMX exposure
2017-10-14 10:29:57.190 CST [INFO ] org.springframework.jmx.export.MBeanExporter registerBeanInstance 671: Located MBean 'dataSource': registering with JMX server as MBean [com.alibaba.druid.pool:name=dataSource,type=DruidDataSource]
2017-10-14 10:29:57.228 CST [INFO ] org.apache.juli.logging.DirectJDKLog log 179: Initializing ProtocolHandler ["http-nio-8080"]
2017-10-14 10:29:57.241 CST [INFO ] org.apache.juli.logging.DirectJDKLog log 179: Starting ProtocolHandler ["http-nio-8080"]
2017-10-14 10:29:57.269 CST [INFO ] org.apache.juli.logging.DirectJDKLog log 179: Using a shared selector for servlet write/read
2017-10-14 10:29:57.308 CST [INFO ] org.springframework.boot.context.embedded.tomcat.TomcatEmbeddedServletContainer start 201: Tomcat started on port(s): 8080 (http)
2017-10-14 10:29:57.317 CST [INFO ] org.springframework.boot.StartupInfoLogger logStarted 57: Started Application in 5.618 seconds (JVM running for 8.175)
2017-10-14 10:29:57.318 CST [INFO ] com.study.spring.boot.web.Application main 55: =========== SpringBoot Start Success ===========
2017-10-14 10:30:03.066 CST [INFO ] org.springframework.context.support.AbstractApplicationContext doClose 984: Closing org.springframework.boot.context.embedded.AnnotationConfigEmbeddedWebApplicationContext@302f7971: startup date [Sat Oct 14 10:29:52 CST 2017]; root of context hierarchy
2017-10-14 11:24:12.066 CST [INFO ] org.springframework.boot.StartupInfoLogger logStarting 48: Starting Application on lzyMacPro.local with PID 29748 (/Users/liuzhaoyuan/gitwork/study-hello/spring-boot-web/target/classes started by liuzhaoyuan in /Users/liuzhaoyuan/gitwork/study-hello)
2017-10-14 11:24:12.068 CST [INFO ] org.springframework.boot.SpringApplication logStartupProfileInfo 593: No active profile set, falling back to default profiles: default
2017-10-14 11:24:12.400 CST [INFO ] org.hibernate.validator.internal.util.Version <clinit> 30: HV000001: Hibernate Validator 5.3.5.Final
2017-10-14 11:24:12.558 CST [INFO ] org.springframework.context.support.AbstractApplicationContext prepareRefresh 583: Refreshing org.springframework.boot.context.embedded.AnnotationConfigEmbeddedWebApplicationContext@50ff373a: startup date [Sat Oct 14 11:24:12 CST 2017]; root of context hierarchy
2017-10-14 11:24:14.514 CST [INFO ] org.springframework.boot.context.embedded.tomcat.TomcatEmbeddedServletContainer initialize 89: Tomcat initialized with port(s): 9090 (http)
2017-10-14 11:24:14.527 CST [INFO ] org.apache.juli.logging.DirectJDKLog log 179: Starting service [Tomcat]
2017-10-14 11:24:14.528 CST [INFO ] org.apache.juli.logging.DirectJDKLog log 179: Starting Servlet Engine: Apache Tomcat/8.5.20
2017-10-14 11:24:14.603 CST [INFO ] org.apache.juli.logging.DirectJDKLog log 179: Initializing Spring embedded WebApplicationContext
2017-10-14 11:24:14.825 CST [INFO ] org.springframework.boot.web.servlet.ServletRegistrationBean onStartup 190: Mapping servlet: 'dispatcherServlet' to [/home/*]
2017-10-14 11:24:14.829 CST [INFO ] org.springframework.boot.web.servlet.AbstractFilterRegistrationBean configure 258: Mapping filter: 'characterEncodingFilter' to: [/*]
2017-10-14 11:24:14.830 CST [INFO ] org.springframework.boot.web.servlet.AbstractFilterRegistrationBean configure 258: Mapping filter: 'hiddenHttpMethodFilter' to: [/*]
2017-10-14 11:24:14.830 CST [INFO ] org.springframework.boot.web.servlet.AbstractFilterRegistrationBean configure 258: Mapping filter: 'httpPutFormContentFilter' to: [/*]
2017-10-14 11:24:14.830 CST [INFO ] org.springframework.boot.web.servlet.AbstractFilterRegistrationBean configure 258: Mapping filter: 'requestContextFilter' to: [/*]
2017-10-14 11:24:16.694 CST [INFO ] org.springframework.boot.devtools.autoconfigure.OptionalLiveReloadServer startServer 58: LiveReload server is running on port 35729
2017-10-14 11:24:16.751 CST [INFO ] org.springframework.jmx.export.MBeanExporter afterSingletonsInstantiated 431: Registering beans for JMX exposure on startup
2017-10-14 11:24:16.753 CST [INFO ] org.springframework.jmx.export.MBeanExporter autodetect 916: Bean with name 'dataSource' has been autodetected for JMX exposure
2017-10-14 11:24:16.758 CST [INFO ] org.springframework.jmx.export.MBeanExporter registerBeanInstance 671: Located MBean 'dataSource': registering with JMX server as MBean [com.alibaba.druid.pool:name=dataSource,type=DruidDataSource]
2017-10-14 11:24:16.786 CST [INFO ] org.apache.juli.logging.DirectJDKLog log 179: Initializing ProtocolHandler ["http-nio-9090"]
2017-10-14 11:24:16.795 CST [INFO ] org.apache.juli.logging.DirectJDKLog log 179: Starting ProtocolHandler ["http-nio-9090"]
2017-10-14 11:24:16.817 CST [INFO ] org.apache.juli.logging.DirectJDKLog log 179: Using a shared selector for servlet write/read
2017-10-14 11:24:16.834 CST [INFO ] org.springframework.boot.context.embedded.tomcat.TomcatEmbeddedServletContainer start 201: Tomcat started on port(s): 9090 (http)
2017-10-14 11:24:16.839 CST [INFO ] org.springframework.boot.StartupInfoLogger logStarted 57: Started Application in 5.257 seconds (JVM running for 7.99)
2017-10-14 11:24:16.840 CST [INFO ] com.study.spring.boot.web.Application main 55: =========== SpringBoot Start Success ===========
2017-10-14 11:24:43.944 CST [INFO ] org.apache.juli.logging.DirectJDKLog log 179: Initializing Spring FrameworkServlet 'dispatcherServlet'
2017-10-14 11:24:44.312 CST [INFO ] com.alibaba.druid.pool.DruidDataSource init 914: {dataSource-1} inited
2017-10-14 11:24:44.456 CST [INFO ] com.study.spring.boot.web.controller.ThymeleafController getBookList 31: getBookList[Book{name='语文', type='小学', price=30}, Book{name='数学', type='小学', price=43}, Book{name='英语', type='小学', price=33}, Book{name='科学', type='小学', price=78}]
2017-10-14 11:24:44.471 CST [INFO ] org.thymeleaf.TemplateEngine initialize 825: [THYMELEAF] INITIALIZING TEMPLATE ENGINE
2017-10-14 11:24:44.544 CST [INFO ] org.thymeleaf.templateresolver.AbstractTemplateResolver initialize 99: [THYMELEAF] INITIALIZING TEMPLATE RESOLVER: org.thymeleaf.spring4.templateresolver.SpringResourceTemplateResolver
2017-10-14 11:24:44.544 CST [INFO ] org.thymeleaf.templateresolver.AbstractTemplateResolver initialize 110: [THYMELEAF] TEMPLATE RESOLVER INITIALIZED OK
2017-10-14 11:24:44.545 CST [INFO ] org.thymeleaf.messageresolver.AbstractMessageResolver initialize 72: [THYMELEAF] INITIALIZING MESSAGE RESOLVER: org.thymeleaf.spring4.messageresolver.SpringMessageResolver
2017-10-14 11:24:44.547 CST [INFO ] org.thymeleaf.messageresolver.AbstractMessageResolver initialize 78: [THYMELEAF] MESSAGE RESOLVER INITIALIZED OK
2017-10-14 11:24:44.571 CST [INFO ] org.thymeleaf.TemplateEngine initialize 838: [THYMELEAF] TEMPLATE ENGINE INITIALIZED
2017-10-14 11:24:56.127 CST [INFO ] com.study.spring.boot.web.controller.BookController getBookList 42: getBookList
2017-10-14 11:25:01.063 CST [INFO ] org.springframework.context.support.AbstractApplicationContext doClose 984: Closing org.springframework.boot.context.embedded.AnnotationConfigEmbeddedWebApplicationContext@50ff373a: startup date [Sat Oct 14 11:24:12 CST 2017]; root of context hierarchy
2017-10-14 11:25:01.068 CST [INFO ] org.springframework.jmx.export.MBeanExporter destroy 449: Unregistering JMX-exposed beans on shutdown
2017-10-14 11:39:48.902 CST [INFO ] org.springframework.test.context.support.AbstractTestContextBootstrapper buildDefaultMergedContextConfiguration 319: Neither @ContextConfiguration nor @ContextHierarchy found for test class [com.study.spring.boot.web.service.BookServiceTest], using SpringBootContextLoader
2017-10-14 11:39:48.909 CST [INFO ] org.springframework.test.context.support.AbstractContextLoader generateDefaultLocations 264: Could not detect default resource locations for test class [com.study.spring.boot.web.service.BookServiceTest]: no resource found for suffixes {-context.xml, Context.groovy}.
2017-10-14 11:39:48.910 CST [INFO ] org.springframework.test.context.support.AnnotationConfigContextLoaderUtils detectDefaultConfigurationClasses 81: Could not detect default configuration classes for test class [com.study.spring.boot.web.service.BookServiceTest]: BookServiceTest does not declare any static, non-private, non-final, nested classes annotated with @Configuration.
2017-10-14 11:39:49.107 CST [INFO ] org.springframework.boot.test.context.SpringBootTestContextBootstrapper getOrFindConfigurationClasses 206: Found @SpringBootConfiguration com.study.spring.boot.web.Application for test class com.study.spring.boot.web.service.BookServiceTest
2017-10-14 11:39:49.115 CST [INFO ] org.springframework.test.context.support.AbstractTestContextBootstrapper getDefaultTestExecutionListenerClassNames 260: Loaded default TestExecutionListener class names from location [META-INF/spring.factories]: [org.springframework.boot.test.mock.mockito.MockitoTestExecutionListener, org.springframework.boot.test.mock.mockito.ResetMocksTestExecutionListener, org.springframework.boot.test.autoconfigure.restdocs.RestDocsTestExecutionListener, org.springframework.boot.test.autoconfigure.web.client.MockRestServiceServerResetTestExecutionListener, org.springframework.boot.test.autoconfigure.web.servlet.MockMvcPrintOnlyOnFailureTestExecutionListener, org.springframework.boot.test.autoconfigure.web.servlet.WebDriverTestExecutionListener, org.springframework.test.context.web.ServletTestExecutionListener, org.springframework.test.context.support.DirtiesContextBeforeModesTestExecutionListener, org.springframework.test.context.support.DependencyInjectionTestExecutionListener, org.springframework.test.context.support.DirtiesContextTestExecutionListener, org.springframework.test.context.transaction.TransactionalTestExecutionListener, org.springframework.test.context.jdbc.SqlScriptsTestExecutionListener]
2017-10-14 11:39:49.152 CST [INFO ] org.springframework.test.context.support.AbstractTestContextBootstrapper getTestExecutionListeners 187: Using TestExecutionListeners: [org.springframework.test.context.web.ServletTestExecutionListener@e57b96d, org.springframework.test.context.support.DirtiesContextBeforeModesTestExecutionListener@32c726ee, org.springframework.boot.test.autoconfigure.SpringBootDependencyInjectionTestExecutionListener@22f31dec, org.springframework.test.context.support.DirtiesContextTestExecutionListener@34c01041, org.springframework.test.context.transaction.TransactionalTestExecutionListener@76f4b65, org.springframework.test.context.jdbc.SqlScriptsTestExecutionListener@c94fd30, org.springframework.boot.test.autoconfigure.web.client.MockRestServiceServerResetTestExecutionListener@36328d33, org.springframework.boot.test.mock.mockito.MockitoTestExecutionListener@2c4d1ac, org.springframework.boot.test.mock.mockito.ResetMocksTestExecutionListener@7f0d96f2, org.springframework.boot.test.autoconfigure.web.servlet.MockMvcPrintOnlyOnFailureTestExecutionListener@545b995e, org.springframework.boot.test.autoconfigure.restdocs.RestDocsTestExecutionListener@76a2ddf3, org.springframework.boot.test.autoconfigure.web.servlet.WebDriverTestExecutionListener@524f3b3a]
2017-10-14 11:39:50.186 CST [INFO ] org.springframework.boot.StartupInfoLogger logStarting 48: Starting BookServiceTest on lzyMacPro.local with PID 29864 (started by liuzhaoyuan in /Users/liuzhaoyuan/gitwork/study-hello/spring-boot-web)
2017-10-14 11:39:50.188 CST [INFO ] org.springframework.boot.SpringApplication logStartupProfileInfo 593: No active profile set, falling back to default profiles: default
2017-10-14 11:39:50.710 CST [INFO ] org.hibernate.validator.internal.util.Version <clinit> 30: HV000001: Hibernate Validator 5.3.5.Final
2017-10-14 11:39:56.090 CST [INFO ] org.springframework.boot.StartupInfoLogger logStarted 57: Started BookServiceTest in 6.649 seconds (JVM running for 11.319)
2017-10-14 11:39:56.866 CST [INFO ] com.alibaba.druid.pool.DruidDataSource init 914: {dataSource-1} inited
